[2022-07-26T21:08:51.699Z] info  code-server 4.0.2 5cdfe74686aa73e023f8354a9a6014eb30caa7dd
[2022-07-26T21:08:51.699Z] info  Using user-data-dir ~/.local/share/code-server
[2022-07-26T21:08:51.708Z] info  Using config file ~/.config/code-server/config.yaml
[2022-07-26T21:08:51.708Z] info  HTTP server listening on http://0.0.0.0:8000/ 
[2022-07-26T21:08:51.708Z] info    - Authentication is disabled 
[2022-07-26T21:08:51.708Z] info    - Not serving HTTPS 
[18:08:59] Extension host agent started.
[18:09:00] [10.147.20.154][d4f4716c][ManagementConnection] Unknown reconnection token (never seen).
[18:09:48] [10.147.20.154][ff7457ca][ManagementConnection] New connection established.
[18:09:49] [10.147.20.154][690bec73][ExtensionHostConnection] New connection established.
[18:09:49] [10.147.20.154][690bec73][ExtensionHostConnection] <42255> Launched Extension Host Process.
Error: Unexpected SIGPIPE
    at process.<anonymous> (/usr/lib/code-server/vendor/modules/code-oss-dev/out/bootstrap.js:1:370)
    at process.emit (events.js:400:28)

> nextjs-tutorial@1.0.0 dev /home/luciano/nextjs-tutorial
> next dev

Browserslist: caniuse-lite is outdated. Please run:
npx browserslist@latest --update-db

Why you should do it regularly:
https://github.com/browserslist/browserslist#browsers-data-updating
ready - started server on 0.0.0.0:3000, url: http://localhost:3000
Browserslist: caniuse-lite is outdated. Please run:
npx browserslist@latest --update-db

Why you should do it regularly:
https://github.com/browserslist/browserslist#browsers-data-updating
event - compiled successfully
event - build page: /api/v1/feriados/[ano]
wait  - compiling...
event - compiled successfully
event - build page: /api/v1/tasks
wait  - compiling...
event - compiled successfully
event - build page: /api/v1/sorte
wait  - compiling...
event - compiled successfully
[ 1, 8, 11, 22, 28, 52 ]
event - build page: /api/v1/tasks/[id]
wait  - compiling...
event - compiled successfully
event - build page: /api/v1/sorte
wait  - compiling...
event - compiled successfully
[ 27, 30, 36, 42, 50, 53 ]
event - build page: /api/v1/sorte
wait  - compiling...
event - compiled successfully
[ 19, 22, 29, 32, 34, 43 ]
event - build page: /api/v1/sorte
wait  - compiling...
event - compiled successfully
[ 11, 13, 23, 26, 43, 45 ]
event - build page: /api/v1/tasks/[id]
wait  - compiling...
event - compiled successfully
event - build page: /api/v1/sorte
wait  - compiling...
event - compiled successfully
[ 12, 13, 35, 45, 47, 53 ]
event - build page: /api/v1/sorte
wait  - compiling...
event - compiled successfully
[ 5, 14, 24, 46, 51, 52 ]
event - build page: /api/v1/tasks/[id]
wait  - compiling...
event - compiled successfully
ReferenceError: oneTask is not defined
    at __webpack_exports__.default (webpack-internal:///./pages/api/v1/tasks/[id].js:8:13)
    at apiResolver (/home/luciano/nextjs-tutorial/node_modules/next/dist/next-server/server/api-utils.js:8:7)
    at process._tickCallback (internal/process/next_tick.js:68:7)
wait  - compiling...
event - compiled successfully
wait  - compiling...
error - ./pages/api/v1/tasks/[id].js:8:60
Syntax error: Unexpected token, expected ":"

   6 | 
   7 |         oneTask = tasksRepo.getById(id_)
>  8 |         response.status(200).json(oneTask == null ? "Vazio" );
     |                                                             ^
   9 |     }
  10 |     else if (request.method === "PATCH" || request.method === "PUT"){
  11 |         const params_ = request.body;
wait  - compiling...
event - compiled successfully
wait  - compiling...
error - ./pages/api/v1/tasks/[id].js:8:60
Syntax error: Unexpected token

   6 | 
   7 |         oneTask = tasksRepo.getById(id_)
>  8 |         response.status(200).json(oneTask == null ? {"Vazio"} :  oneTask);
     |                                                             ^
   9 |     }
  10 |     else if (request.method === "PATCH" || request.method === "PUT"){
  11 |         const params_ = request.body;
wait  - compiling...
error - ./pages/api/v1/tasks/[id].js:8:55
Syntax error: Unexpected token

   6 | 
   7 |         oneTask = tasksRepo.getById(id_)
>  8 |         response.status(200).json(oneTask == null ? {""Vazio"} :  oneTask);
     |                                                        ^
   9 |     }
  10 |     else if (request.method === "PATCH" || request.method === "PUT"){
  11 |         const params_ = request.body;
wait  - compiling...
error - ./pages/api/v1/tasks/[id].js:8:55
Syntax error: Unexpected token

   6 | 
   7 |         oneTask = tasksRepo.getById(id_)
>  8 |         response.status(200).json(oneTask == null ? {"""Vazio"} :  oneTask);
     |                                                        ^
   9 |     }
  10 |     else if (request.method === "PATCH" || request.method === "PUT"){
  11 |         const params_ = request.body;
wait  - compiling...
event - compiled successfully
wait  - compiling...
event - compiled successfully
wait  - compiling...
event - compiled successfully
ReferenceError: oneTask is not defined
    at __webpack_exports__.default (webpack-internal:///./pages/api/v1/tasks/[id].js:8:13)
    at apiResolver (/home/luciano/nextjs-tutorial/node_modules/next/dist/next-server/server/api-utils.js:8:7)
    at process._tickCallback (internal/process/next_tick.js:68:7)
ReferenceError: oneTask is not defined
    at __webpack_exports__.default (webpack-internal:///./pages/api/v1/tasks/[id].js:8:13)
    at apiResolver (/home/luciano/nextjs-tutorial/node_modules/next/dist/next-server/server/api-utils.js:8:7)
    at process._tickCallback (internal/process/next_tick.js:68:7)
wait  - compiling...
event - compiled successfully
ReferenceError: oneTask is not defined
    at __webpack_exports__.default (webpack-internal:///./pages/api/v1/tasks/[id].js:8:13)
    at apiResolver (/home/luciano/nextjs-tutorial/node_modules/next/dist/next-server/server/api-utils.js:8:7)
    at process._tickCallback (internal/process/next_tick.js:68:7)
ReferenceError: oneTask is not defined
    at __webpack_exports__.default (webpack-internal:///./pages/api/v1/tasks/[id].js:8:13)
    at apiResolver (/home/luciano/nextjs-tutorial/node_modules/next/dist/next-server/server/api-utils.js:8:7)
    at process._tickCallback (internal/process/next_tick.js:68:7)
event - build page: /api/v1/tasks
wait  - compiling...
event - compiled successfully
ReferenceError: oneTask is not defined
    at __webpack_exports__.default (webpack-internal:///./pages/api/v1/tasks/[id].js:8:13)
    at apiResolver (/home/luciano/nextjs-tutorial/node_modules/next/dist/next-server/server/api-utils.js:8:7)
    at process._tickCallback (internal/process/next_tick.js:68:7)
event - build page: /api/v1/tasks
wait  - compiling...
event - compiled successfully
event - build page: /api/v1/sorte
wait  - compiling...
event - compiled successfully
[ 3, 9, 13, 15, 31, 41 ]
event - build page: /api/v1/tasks/[id]
wait  - compiling...
event - compiled successfully
event - build page: /api/v1/feriados/[ano]
wait  - compiling...
event - compiled successfully
event - build page: /api/v1/tasks/[id]
wait  - compiling...
event - compiled successfully
event - build page: /api/v1/tasks
wait  - compiling...
event - compiled successfully
event - build page: /api/v1/sorte
wait  - compiling...
event - compiled successfully
[ 8, 26, 29, 33, 40, 55 ]
event - build page: /api/v1/sorte
wait  - compiling...
event - compiled successfully
[ 14, 19, 38, 51, 55, 59 ]
event - build page: /api/v1/sorte
wait  - compiling...
event - compiled successfully
[ 9, 11, 15, 20, 29, 55 ]
event - build page: /api/v1/sorte
wait  - compiling...
event - compiled successfully
[ 5, 6, 18, 27, 33, 56 ]
event - build page: /api/v1/sorte
wait  - compiling...
event - compiled successfully
[ 4, 6, 23, 24, 28, 39 ]
event - build page: /api/v1/sorte
wait  - compiling...
event - compiled successfully
[ 14, 15, 17, 26, 33, 45 ]
event - build page: /api/v1/sorte
wait  - compiling...
event - compiled successfully
[ 18, 25, 37, 42, 49, 51 ]
event - build page: /api/v1/tasks
wait  - compiling...
event - compiled successfully
event - build page: /api/v1/tasks/[id]
wait  - compiling...
event - compiled successfully
Aqui { descricao: 'Task NEW NEW',
  isdone: 'false',
  id: 3,
  dateCreated: '2021-12-13T00:39:16.037Z',
  dateUpdated: '2021-12-13T10:23:28.927Z',
  data: '18/12/2021' }
Aqui undefined
wait  - compiling...
event - compiled successfully
wait  - compiling...
event - compiled successfully
wait  - compiling...
error - ./pages/api/v1/tasks/[id].js:9:39
Syntax error: Unexpected token

   7 |         const oneTask = tasksRepo.getById(id_);
   8 | 
>  9 |         console.log("Aqui", oneTask == );
     |                                        ^
  10 | 
  11 |         response.status(200).json(oneTask);
  12 |     }
wait  - compiling...
event - compiled successfully
wait  - compiling...
error - ./pages/api/v1/tasks/[id].js:9:51
Syntax error: Unexpected token

   7 |         const oneTask = tasksRepo.getById(id_);
   8 | 
>  9 |         console.log("Aqui", oneTask == undefined ? : );
     |                                                    ^
  10 | 
  11 |         response.status(200).json(oneTask);
  12 |     }
wait  - compiling...
error - ./pages/api/v1/tasks/[id].js:9:51
Syntax error: Unexpected token

   7 |         const oneTask = tasksRepo.getById(id_);
   8 | 
>  9 |         console.log("Aqui", oneTask == undefined ? : on);
     |                                                    ^
  10 | 
  11 |         response.status(200).json(oneTask);
  12 |     }
wait  - compiling...
error - ./pages/api/v1/tasks/[id].js:9:51
Syntax error: Unexpected token

   7 |         const oneTask = tasksRepo.getById(id_);
   8 | 
>  9 |         console.log("Aqui", oneTask == undefined ? : onw);
     |                                                    ^
  10 | 
  11 |         response.status(200).json(oneTask);
  12 |     }
wait  - compiling...
error - ./pages/api/v1/tasks/[id].js:9:51
Syntax error: Unexpected token

   7 |         const oneTask = tasksRepo.getById(id_);
   8 | 
>  9 |         console.log("Aqui", oneTask == undefined ? : oneTask);
     |                                                    ^
  10 | 
  11 |         response.status(200).json(oneTask);
  12 |     }
wait  - compiling...
event - compiled successfully
wait  - compiling...
event - compiled successfully
wait  - compiling...
event - compiled successfully
wait  - compiling...
event - compiled successfully
wait  - compiling...
event - compiled successfully
wait  - compiling...
event - compiled successfully
wait  - compiling...
event - compiled successfully
wait  - compiling...
event - compiled successfully
Aqui { descricao: 'Task NEW NEW',
  isdone: 'false',
  id: 3,
  dateCreated: '2021-12-13T00:39:16.037Z',
  dateUpdated: '2021-12-13T10:23:28.927Z',
  data: '18/12/2021' }
Aqui undefined
wait  - compiling...
error - ./pages/api/v1/tasks/[id].js:11:70
Syntax error: Unexpected token, expected ","

   9 |         console.log("Aqui", oneTask);
  10 | 
> 11 |         response.status(200).json(oneTask == undefined ? {id: idstatus: false} : oneTask);
     |                                                                       ^
  12 |     }
  13 |     else if (request.method === "PATCH" || request.method === "PUT"){
  14 |         const params_ = request.body;
wait  - compiling...
event - compiled successfully
wait  - compiling...
event - compiled successfully
wait  - compiling...
event - compiled successfully
wait  - compiling...
event - compiled successfully
wait  - compiling...
event - compiled successfully
wait  - compiling...
event - compiled successfully
wait  - compiling...
event - compiled successfully
Aqui undefined
Aqui { descricao: 'Task NEW NEW',
  isdone: 'false',
  id: 3,
  dateCreated: '2021-12-13T00:39:16.037Z',
  dateUpdated: '2021-12-13T10:23:28.927Z',
  data: '18/12/2021' }
wait  - compiling...
event - compiled successfully
wait  - compiling...
event - compiled successfully
wait  - compiling...
event - compiled successfully
wait  - compiling...
event - compiled successfully
event - build page: /api/v1/sorte
wait  - compiling...
event - compiled successfully
[ 5, 25, 38, 40, 48, 56 ]
event - build page: /api/v1/tasks/[id]
wait  - compiling...
event - compiled successfully
event - build page: /api/v1/sorte
wait  - compiling...
event - compiled successfully
[ 9, 11, 29, 41, 45, 52 ]
event - build page: /api/v1/tasks
wait  - compiling...
event - compiled successfully
event - build page: /api/v1/tasks/[id]
wait  - compiling...
event - compiled successfully
event - build page: /api/v1/sorte
wait  - compiling...
event - compiled successfully
[ 5, 15, 23, 28, 34, 47 ]
event - build page: /api/v1/sorte
wait  - compiling...
event - compiled successfully
[ 14, 23, 32, 40, 45, 56 ]
event - build page: /api/v1/sorte
wait  - compiling...
event - compiled successfully
[ 2, 18, 21, 32, 44, 54 ]
event - build page: /api/v1/sorte
wait  - compiling...
event - compiled successfully
[ 10, 21, 31, 35, 41, 49 ]
event - build page: /api/v1/sorte
wait  - compiling...
event - compiled successfully
[ 19, 28, 55, 56, 58, 59 ]
event - build page: /api/v1/sorte
wait  - compiling...
event - compiled successfully
[ 5, 15, 17, 21, 24, 42 ]
event - build page: /api/v1/sorte
wait  - compiling...
event - compiled successfully
[ 5, 28, 34, 43, 50, 60 ]
event - build page: /api/v1/sorte
wait  - compiling...
event - compiled successfully
[ 22, 24, 36, 40, 45, 47 ]
event - build page: /api/v1/sorte
wait  - compiling...
event - compiled successfully
[ 9, 25, 30, 36, 46, 59 ]
event - build page: /api/v1/sorte
wait  - compiling...
event - compiled successfully
[ 6, 23, 24, 29, 51, 57 ]
event - build page: /api/v1/sorte
wait  - compiling...
event - compiled successfully
[ 4, 18, 24, 27, 41, 57 ]
event - build page: /api/v1/sorte
wait  - compiling...
event - compiled successfully
[ 6, 13, 29, 36, 46, 57 ]
event - build page: /api/v1/sorte
wait  - compiling...
event - compiled successfully
[ 14, 21, 22, 28, 55, 56 ]
event - build page: /api/v1/sorte
wait  - compiling...
event - compiled successfully
[ 10, 15, 18, 35, 37, 42 ]
event - build page: /api/v1/sorte
wait  - compiling...
event - compiled successfully
[ 6, 9, 29, 31, 37, 57 ]
event - build page: /api/v1/sorte
wait  - compiling...
event - compiled successfully
[ 9, 24, 33, 41, 48, 54 ]
event - build page: /api/v1/sorte
wait  - compiling...
event - compiled successfully
[ 2, 5, 6, 21, 41, 55 ]
event - build page: /api/v1/sorte
wait  - compiling...
event - compiled successfully
[ 2, 20, 30, 43, 47, 54 ]
event - build page: /api/v1/sorte
wait  - compiling...
event - compiled successfully
[ 9, 16, 19, 29, 39, 44 ]
event - build page: /api/v1/sorte
wait  - compiling...
event - compiled successfully
[ 2, 24, 30, 53, 54, 58 ]
event - build page: /api/v1/sorte
wait  - compiling...
event - compiled successfully
[ 3, 20, 44, 47, 52, 57 ]
event - build page: /api/v1/sorte
wait  - compiling...
event - compiled successfully
[ 27, 30, 34, 39, 44, 53 ]
event - build page: /api/v1/sorte
wait  - compiling...
event - compiled successfully
[ 15, 30, 32, 36, 38, 39 ]
event - build page: /api/v1/sorte
wait  - compiling...
event - compiled successfully
[ 3, 12, 16, 31, 47, 57 ]
event - build page: /api/v1/sorte
wait  - compiling...
event - compiled successfully
[ 2, 32, 35, 44, 46, 52 ]
event - build page: /api/v1/sorte
wait  - compiling...
event - compiled successfully
[ 10, 14, 40, 45, 54, 59 ]
event - build page: /api/v1/sorte
wait  - compiling...
event - compiled successfully
[ 21, 23, 26, 42, 45, 59 ]
event - build page: /api/v1/sorte
wait  - compiling...
event - compiled successfully
[ 5, 9, 20, 33, 34, 57 ]
event - build page: /api/v1/sorte
wait  - compiling...
event - compiled successfully
[ 10, 27, 32, 40, 43, 55 ]
event - build page: /api/v1/sorte
wait  - compiling...
event - compiled successfully
[ 9, 12, 14, 17, 45, 46 ]
event - build page: /api/v1/sorte
wait  - compiling...
event - compiled successfully
[ 4, 22, 36, 41, 42, 49 ]
event - build page: /api/v1/sorte
wait  - compiling...
event - compiled successfully
[ 4, 10, 20, 22, 29, 50 ]
event - build page: /api/v1/sorte
wait  - compiling...
event - compiled successfully
[ 6, 21, 32, 37, 44, 53 ]
event - build page: /api/v1/sorte
wait  - compiling...
event - compiled successfully
[ 11, 26, 31, 39, 40, 58 ]
event - build page: /api/v1/sorte
wait  - compiling...
event - compiled successfully
[ 11, 37, 39, 43, 49, 57 ]
event - build page: /api/v1/sorte
wait  - compiling...
event - compiled successfully
[ 4, 30, 46, 54, 55, 58 ]
event - build page: /api/v1/sorte
wait  - compiling...
event - compiled successfully
[ 16, 25, 29, 30, 41, 59 ]
event - build page: /api/v1/sorte
wait  - compiling...
event - compiled successfully
[ 13, 36, 37, 41, 48, 55 ]
event - build page: /api/v1/sorte
wait  - compiling...
event - compiled successfully
[ 7, 8, 14, 29, 41, 54 ]
event - build page: /api/v1/sorte
wait  - compiling...
event - compiled successfully
[ 4, 5, 16, 26, 27, 33 ]
event - build page: /api/v1/sorte
wait  - compiling...
event - compiled successfully
[ 19, 30, 32, 40, 56, 58 ]
event - build page: /api/v1/sorte
wait  - compiling...
event - compiled successfully
[ 3, 14, 22, 27, 36, 37 ]
event - build page: /api/v1/sorte
wait  - compiling...
event - compiled successfully
[ 5, 6, 29, 32, 39, 58 ]
event - build page: /api/v1/sorte
wait  - compiling...
event - compiled successfully
[ 17, 26, 32, 34, 47, 54 ]
event - build page: /api/v1/sorte
wait  - compiling...
event - compiled successfully
[ 19, 26, 34, 38, 49, 56 ]
event - build page: /api/v1/sorte
wait  - compiling...
event - compiled successfully
[ 12, 14, 30, 33, 35, 59 ]
event - build page: /api/v1/sorte
wait  - compiling...
event - compiled successfully
[ 8, 21, 34, 39, 49, 59 ]
event - build page: /api/v1/sorte
wait  - compiling...
event - compiled successfully
[ 3, 4, 25, 27, 28, 59 ]
event - build page: /api/v1/tasks
wait  - compiling...
event - compiled successfully
event - build page: /api/v1/tasks/[id]
wait  - compiling...
event - compiled successfully
event - build page: /api/v1/sorte
wait  - compiling...
event - compiled successfully
[ 6, 8, 16, 28, 46, 59 ]
event - build page: /api/v1/sorte
wait  - compiling...
event - compiled successfully
[ 3, 5, 22, 35, 48, 52 ]
event - build page: /api/v1/sorte
wait  - compiling...
event - compiled successfully
[ 4, 15, 28, 43, 56, 57 ]
event - build page: /api/v1/sorte
wait  - compiling...
event - compiled successfully
[ 6, 16, 20, 31, 55, 59 ]
event - build page: /api/v1/sorte
wait  - compiling...
event - compiled successfully
[ 1, 6, 24, 36, 56, 57 ]
event - build page: /api/v1/sorte
wait  - compiling...
event - compiled successfully
[ 2, 7, 39, 42, 50, 53 ]
event - build page: /api/v1/sorte
wait  - compiling...
event - compiled successfully
[ 6, 7, 10, 11, 20, 49 ]
event - build page: /api/v1/sorte
wait  - compiling...
event - compiled successfully
[ 10, 11, 17, 35, 41, 57 ]
event - build page: /api/v1/sorte
wait  - compiling...
event - compiled successfully
[ 10, 12, 20, 28, 36, 53 ]
event - build page: /api/v1/sorte
wait  - compiling...
event - compiled successfully
[ 13, 17, 28, 33, 47, 48 ]
event - build page: /api/v1/sorte
wait  - compiling...
event - compiled successfully
[ 15, 25, 26, 41, 43, 59 ]
event - build page: /api/v1/sorte
wait  - compiling...
event - compiled successfully
[ 3, 9, 22, 24, 47, 53 ]
event - build page: /api/v1/tasks
wait  - compiling...
event - compiled successfully
